\BOOKMARK [1][-]{section.1}{Informaci\363n General}{}% 1
\BOOKMARK [2][-]{subsection.1.1}{Objetivos}{section.1}% 2
\BOOKMARK [3][-]{subsubsection.1.1.1}{Objetivo Principal:}{subsection.1.1}% 3
\BOOKMARK [3][-]{subsubsection.1.1.2}{Objetivos Especificos:}{subsection.1.1}% 4
\BOOKMARK [2][-]{subsection.1.2}{Formato de Clases}{section.1}% 5
\BOOKMARK [2][-]{subsection.1.3}{Metodo de Evaluaci\363n}{section.1}% 6
\BOOKMARK [1][-]{section.2}{Clases}{}% 7
\BOOKMARK [2][-]{subsection.2.1}{Clase 1 Lunes 23/11/2020}{section.2}% 8
\BOOKMARK [3][-]{subsubsection.2.1.1}{Partes de un Proyecto:}{subsection.2.1}% 9
\BOOKMARK [3][-]{subsubsection.2.1.2}{Alcances}{subsection.2.1}% 10
\BOOKMARK [2][-]{subsection.2.2}{Clase 2 Mi\351rcoles 25/11/2020}{section.2}% 11
\BOOKMARK [3][-]{subsubsection.2.2.1}{Selecci\363n de Conductores}{subsection.2.2}% 12
\BOOKMARK [2][-]{subsection.2.3}{Clase 3 Mi\351rcoles 4/12/2020}{section.2}% 13
\BOOKMARK [3][-]{subsubsection.2.3.1}{Breakers}{subsection.2.3}% 14
\BOOKMARK [3][-]{subsubsection.2.3.2}{Ejercicio N\2721}{subsection.2.3}% 15
\BOOKMARK [1][-]{section.3}{Asignaciones}{}% 16
\BOOKMARK [2][-]{subsection.3.1}{Asignaci\363n 1 Miercoles 25/11/2020}{section.3}% 17
\BOOKMARK [3][-]{subsubsection.3.1.1}{Retroalimentaci\363n}{subsection.3.1}% 18
\BOOKMARK [2][-]{subsection.3.2}{Asignaci\363n 2 Lunes 30/11/2020}{section.3}% 19
\BOOKMARK [3][-]{subsubsection.3.2.1}{Tipos de Tableros}{subsection.3.2}% 20
\BOOKMARK [3][-]{subsubsection.3.2.2}{Circuitos Ramales}{subsection.3.2}% 21
\BOOKMARK [3][-]{subsubsection.3.2.3}{Retroalimentaci\363n}{subsection.3.2}% 22
\BOOKMARK [2][-]{subsection.3.3}{Asignaci\363n 3 Lunes 9/12/2020}{section.3}% 23
